Drill report for PANEL-COMPLETE.kicad_pcb
Created on 21/04/2023 13:18:29

Copper Layer Stackup:
    =============================================================
    L1 :  F.Cu                      front
    L2 :  B.Cu                      back


Drill file 'PANEL-COMPLETE-PTH.drl' contains
    plated through holes:
    =============================================================
    T1  0,300mm  0,0118"  (438 holes)
    T2  0,400mm  0,0157"  (18 holes)
    T3  0,600mm  0,0236"  (4 holes)  (with 4 slots)
    T4  0,750mm  0,0295"  (6 holes)
    T5  0,800mm  0,0315"  (2 holes)
    T6  0,800mm  0,0315"  (2 holes)
    T7  1,250mm  0,0492"  (6 holes)
    T8  1,800mm  0,0709"  (20 holes)
    T9  2,000mm  0,0787"  (6 holes)
    T10  2,200mm  0,0866"  (4 holes)

    Total plated holes count 506


Drill file 'PANEL-COMPLETE-NPTH.drl' contains
    unplated through holes:
    =============================================================
    T1  0,500mm  0,0197"  (126 holes)
    T2  0,650mm  0,0256"  (2 holes)
    T3  0,991mm  0,0390"  (3 holes)
    T4  1,200mm  0,0472"  (2 holes)
    T5  2,200mm  0,0866"  (12 holes)
    T6  3,000mm  0,1181"  (1 hole)

    Total unplated holes count 146
